<?xml version="1.0" encoding="UTF-8"?>
<testng-results ignored="0" total="1" passed="1" failed="0" skipped="0">
  <reporter-output>
  </reporter-output>
  <suite started-at="2023-08-02T07:58:22 IST" name="TestNG" finished-at="2023-08-02T07:58:50 IST" duration-ms="28084">
    <groups>
      <group name="regression">
        <method signature="LoginTest.verifyTheUserIsAbleToLogInValidCredential()[pri:0, instance:com.obsqura.rmartSupermarket.testscript.LoginTest@19835e64]" name="verifyTheUserIsAbleToLogInValidCredential" class="com.obsqura.rmartSupermarket.testscript.LoginTest"/>
      </group> <!-- regression -->
    </groups>
    <test started-at="2023-08-02T07:58:22 IST" name="Test" finished-at="2023-08-02T07:58:50 IST" duration-ms="28084">
      <class name="com.obsqura.rmartSupermarket.testscript.LoginTest">
        <test-method is-config="true" signature="intialiseBrowser(java.lang.String)[pri:0, instance:com.obsqura.rmartSupermarket.testscript.LoginTest@19835e64]" started-at="2023-08-02T07:58:23 IST" name="intialiseBrowser" finished-at="2023-08-02T07:58:37 IST" duration-ms="14437" status="PASS">
          <params>
            <param index="0">
              <value>
                <![CDATA[chrome]]>
              </value>
            </param>
          </params>
          <reporter-output>
          </reporter-output>
        </test-method> <!-- intialiseBrowser -->
        <test-method signature="verifyTheUserIsAbleToLogInValidCredential()[pri:0, instance:com.obsqura.rmartSupermarket.testscript.LoginTest@19835e64]" started-at="2023-08-02T07:58:37 IST" name="verifyTheUserIsAbleToLogInValidCredential" description="Verify whether user is able to login using valid username and password" finished-at="2023-08-02T07:58:50 IST" duration-ms="13099" status="PASS">
          <reporter-output>
          </reporter-output>
        </test-method> <!-- verifyTheUserIsAbleToLogInValidCredential -->
        <test-method is-config="true" signature="browserQuit(org.testng.ITestResult)[pri:0, instance:com.obsqura.rmartSupermarket.testscript.LoginTest@19835e64]" started-at="2023-08-02T07:58:50 IST" name="browserQuit" finished-at="2023-08-02T07:58:50 IST" duration-ms="421" status="PASS">
          <params>
            <param index="0">
              <value>
                <![CDATA[[TestResult name=verifyTheUserIsAbleToLogInValidCredential status=SUCCESS method=LoginTest.verifyTheUserIsAbleToLogInValidCredential()[pri:0, instance:com.obsqura.rmartSupermarket.testscript.LoginTest@19835e64] output={null}]]]>
              </value>
            </param>
          </params>
          <reporter-output>
          </reporter-output>
        </test-method> <!-- browserQuit -->
      </class> <!-- com.obsqura.rmartSupermarket.testscript.LoginTest -->
    </test> <!-- Test -->
  </suite> <!-- TestNG -->
</testng-results>
