<?xml version="1.0" encoding="UTF-8"?>
<!-- Generated by org.testng.reporters.JUnitXMLReporter -->
<testsuite ignored="2" hostname="DESKTOP-RJLER7D" failures="1" tests="4" name="Test" time="35.121" errors="0" timestamp="2023-08-01T08:31:09 IST">
  <testcase classname="com.obsqura.rmartSupermarket.testscript.LoginTest" name="verifyTheUserIsAbleToLogInValidCredential" time="4.643"/>
  <testcase classname="com.obsqura.rmartSupermarket.testscript.LoginTest" name="verifyTheUserIsAbleToLogInWithInvalidUsernameAndvalidPassword" time="0.285">
    <skipped/>
  </testcase> <!-- verifyTheUserIsAbleToLogInWithInvalidUsernameAndvalidPassword -->
  <testcase classname="com.obsqura.rmartSupermarket.testscript.LoginTest" name="verifyTheUserIsAbleToLogInWithInvalidUsernameAndvalidPassword" time="0.258">
    <skipped/>
  </testcase> <!-- verifyTheUserIsAbleToLogInWithInvalidUsernameAndvalidPassword -->
  <testcase classname="com.obsqura.rmartSupermarket.testscript.LoginTest" name="verifyTheUserIsAbleToLogInWithInvalidUsernameAndvalidPassword" time="0.304">
    <failure type="java.lang.NullPointerException" message="Cannot invoke &amp;quot;org.apache.poi.ss.usermodel.Cell.getStringCellValue()&amp;quot; because &amp;quot;c&amp;quot; is null">
      <![CDATA[java.lang.NullPointerException: Cannot invoke "org.apache.poi.ss.usermodel.Cell.getStringCellValue()" because "c" is null
at utilities.ExcelUtility.getString(ExcelUtility.java:127)
at com.obsqura.rmartSupermarket.testscript.LoginTest.verifyTheUserIsAbleToLogInWithInvalidUsernameAndvalidPassword(LoginTest.java:50)
at java.base/java.util.ArrayList.forEach(ArrayList.java:1511)
... Removed 27 stack frames]]>
    </failure>
  </testcase> <!-- verifyTheUserIsAbleToLogInWithInvalidUsernameAndvalidPassword -->
  <testcase classname="com.obsqura.rmartSupermarket.testscript.LoginTest" name="verifyTheUserIsAbleToLogInWithUsernameAndInvalidPassword" time="0.0">
    <ignored/>
  </testcase> <!-- verifyTheUserIsAbleToLogInWithUsernameAndInvalidPassword -->
  <testcase classname="com.obsqura.rmartSupermarket.testscript.LoginTest" name="verifyTheUserIsAbleToLogInWithInvalidUsernameAndInvalidPassword" time="0.0">
    <ignored/>
  </testcase> <!-- verifyTheUserIsAbleToLogInWithInvalidUsernameAndInvalidPassword -->
</testsuite> <!-- Test -->
