<?xml version="1.0" encoding="UTF-8"?>
<!-- Generated by org.testng.reporters.JUnitXMLReporter -->
<testsuite ignored="3" hostname="DESKTOP-RJLER7D" failures="0" tests="1" name="Test" time="28.084" errors="0" timestamp="2023-08-02T07:58:52 IST">
  <testcase classname="com.obsqura.rmartSupermarket.testscript.LoginTest" name="verifyTheUserIsAbleToLogInValidCredential" time="13.099"/>
  <testcase classname="com.obsqura.rmartSupermarket.testscript.LoginTest" name="verifyTheUserIsAbleToLogInWithInvalidUsernameAndvalidPassword" time="0.0">
    <ignored/>
  </testcase> <!-- verifyTheUserIsAbleToLogInWithInvalidUsernameAndvalidPassword -->
  <testcase classname="com.obsqura.rmartSupermarket.testscript.LoginTest" name="verifyTheUserIsAbleToLogInWithUsernameAndInvalidPassword" time="0.0">
    <ignored/>
  </testcase> <!-- verifyTheUserIsAbleToLogInWithUsernameAndInvalidPassword -->
  <testcase classname="com.obsqura.rmartSupermarket.testscript.LoginTest" name="verifyTheUserIsAbleToLogInWithInvalidUsernameAndInvalidPassword" time="0.0">
    <ignored/>
  </testcase> <!-- verifyTheUserIsAbleToLogInWithInvalidUsernameAndInvalidPassword -->
</testsuite> <!-- Test -->
